
**** Build of configuration Debug for project idle_TMS320F28027 ****

"C:\\ti\\ccsv8\\utils\\bin\\gmake" -k -j 4 all -O 
 
        1 file(s) copied.
making ../src/sysbios/sysbios.a28L ...
Building file: "../idle.cfg"
gmake[1]: Nothing to be done for 'all'.
Invoking: XDCtools
"C:/ti/xdctools_3_51_01_18_core/xs" --xdcpath="C:/ti/bios_6_76_02_02/packages;" xdc.tools.configuro -o configPkg -t ti.targets.C28_large -p ti.platforms.tms320x28:TMS320F28027 -r release -c "C:/ti/ccsv8/tools/compiler/ti-cgt-c2000_18.1.4.LTS" --compileOptions "-g" "../idle.cfg"
configuring idle.x28L from package/cfg/idle_p28L.cfg ...
generating custom ti.sysbios library makefile ... 
Starting build of library sources ...
making C:/Users/marki/OneDrive/Desktop/Fingerprint_Attendance/12345/idle_TMS320F28027/src/sysbios/sysbios.a28L ...
Build of libraries done.
cl28L package/cfg/idle_p28L.c ...
Finished building: "../idle.cfg"
 
making ../src/sysbios/sysbios.a28L ...
gmake[2]: Nothing to be done for 'all'.
Building target: "idle_TMS320F28027.out"
Invoking: C2000 Linker
"C:/ti/ccsv8/tools/compiler/ti-cgt-c2000_18.1.4.LTS/bin/cl2000" -v28 -ml -mt -g --diag_warning=225 --diag_wrap=off --display_error_number -z -m"idle_TMS320F28027.map" --stack_size=0x300 --warn_sections -i"C:/ti/ccsv8/tools/compiler/ti-cgt-c2000_18.1.4.LTS/lib" -i"C:/ti/ccsv8/tools/compiler/ti-cgt-c2000_18.1.4.LTS/include" --reread_libs --diag_wrap=off --display_error_number --xml_link_info="idle_TMS320F28027_linkInfo.xml" --rom_model -o "idle_TMS320F28027.out" "./DelayUs.obj" "./DeviceInit_18Nov2018.obj" "./F2802x_GlobalVariableDefs.obj" "./idle.obj" "../F2802x_Headers_BIOS.cmd" "../TMS320F28027.cmd" -l"configPkg/linker.cmd" -llibc.a 
<Linking>
Finished building target: "idle_TMS320F28027.out"
 

**** Build Finished ****
